::1 - - [05/Mar/2026 20:47:50] "GET / HTTP/1.1" 200 -
::1 - - [05/Mar/2026 20:47:50] "GET /style.css HTTP/1.1" 200 -
::1 - - [05/Mar/2026 20:47:50] "GET /wizard.js HTTP/1.1" 200 -
::1 - - [05/Mar/2026 20:47:50] "GET /business-wizard.js HTTP/1.1" 200 -
::1 - - [05/Mar/2026 20:47:50] "GET /script.js HTTP/1.1" 200 -
::1 - - [05/Mar/2026 20:47:50] "GET /wizard.css HTTP/1.1" 200 -
::1 - - [05/Mar/2026 20:47:52] code 404, message File not found
::1 - - [05/Mar/2026 20:47:52] "GET /favicon.ico HTTP/1.1" 404 -
::1 - - [05/Mar/2026 20:48:11] "GET / HTTP/1.1" 200 -
::1 - - [05/Mar/2026 20:52:56] "GET / HTTP/1.1" 200 -
::1 - - [05/Mar/2026 20:58:49] "GET / HTTP/1.1" 200 -
::1 - - [05/Mar/2026 20:59:21] "GET / HTTP/1.1" 200 -
::1 - - [05/Mar/2026 21:00:22] "GET / HTTP/1.1" 200 -
::1 - - [05/Mar/2026 21:00:22] "GET /style.css HTTP/1.1" 200 -
::1 - - [05/Mar/2026 21:00:22] "GET /wizard.css HTTP/1.1" 200 -
::1 - - [05/Mar/2026 21:00:22] "GET /business-wizard.js HTTP/1.1" 200 -
::1 - - [05/Mar/2026 21:00:22] "GET /wizard.js HTTP/1.1" 200 -
::1 - - [05/Mar/2026 21:00:22] "GET /script.js HTTP/1.1" 200 -
::1 - - [05/Mar/2026 21:00:23] code 404, message File not found
::1 - - [05/Mar/2026 21:00:23] "GET /favicon.ico HTTP/1.1" 404 -
::1 - - [05/Mar/2026 21:02:04] "GET /wizard.js HTTP/1.1" 304 -
::1 - - [05/Mar/2026 21:02:42] "GET / HTTP/1.1" 304 -
::1 - - [05/Mar/2026 21:02:42] "GET /wizard.js HTTP/1.1" 304 -
::1 - - [05/Mar/2026 21:03:24] "GET / HTTP/1.1" 304 -
::1 - - [05/Mar/2026 21:03:24] "GET /wizard.js HTTP/1.1" 304 -
::1 - - [05/Mar/2026 21:03:50] "GET / HTTP/1.1" 304 -
::1 - - [05/Mar/2026 21:07:49] "GET / HTTP/1.1" 304 -
::1 - - [05/Mar/2026 21:07:50] "GET /wizard.js HTTP/1.1" 304 -
::1 - - [05/Mar/2026 21:07:53] "GET / HTTP/1.1" 304 -
::1 - - [05/Mar/2026 21:10:51] "GET / HTTP/1.1" 304 -
::1 - - [05/Mar/2026 21:10:51] "GET /wizard.js HTTP/1.1" 304 -
::1 - - [05/Mar/2026 21:11:16] "GET / HTTP/1.1" 304 -
::1 - - [05/Mar/2026 21:11:16] "GET /wizard.js HTTP/1.1" 304 -
::1 - - [05/Mar/2026 21:14:02] "GET /wizard.js HTTP/1.1" 304 -
::1 - - [05/Mar/2026 21:16:08] "GET / HTTP/1.1" 200 -
::1 - - [05/Mar/2026 21:16:08] "GET /style.css?v=2 HTTP/1.1" 200 -
::1 - - [05/Mar/2026 21:16:08] "GET /wizard.css?v=2 HTTP/1.1" 200 -
::1 - - [05/Mar/2026 21:16:08] "GET /wizard.js HTTP/1.1" 304 -
::1 - - [05/Mar/2026 21:16:40] "GET / HTTP/1.1" 304 -
::1 - - [05/Mar/2026 21:17:20] "GET / HTTP/1.1" 304 -
::1 - - [05/Mar/2026 21:17:20] "GET /wizard.css?v=2 HTTP/1.1" 200 -
::1 - - [05/Mar/2026 21:19:54] "GET / HTTP/1.1" 304 -
::1 - - [05/Mar/2026 21:19:54] "GET /wizard.css?v=2 HTTP/1.1" 200 -
::1 - - [05/Mar/2026 21:19:54] "GET /wizard.js HTTP/1.1" 304 -
::1 - - [05/Mar/2026 21:21:17] "GET / HTTP/1.1" 304 -
::1 - - [05/Mar/2026 21:21:17] "GET /wizard.css?v=2 HTTP/1.1" 200 -
::1 - - [05/Mar/2026 21:26:58] "GET / HTTP/1.1" 304 -
::1 - - [05/Mar/2026 21:26:58] "GET /wizard.css?v=2 HTTP/1.1" 304 -
::1 - - [05/Mar/2026 21:26:58] "GET /wizard.js HTTP/1.1" 304 -
::1 - - [05/Mar/2026 21:30:05] "GET / HTTP/1.1" 200 -
::1 - - [05/Mar/2026 21:30:05] "GET /wizard.css?v=2 HTTP/1.1" 304 -
::1 - - [05/Mar/2026 21:30:05] "GET /wizard.js HTTP/1.1" 304 -
::1 - - [05/Mar/2026 21:30:34] "GET / HTTP/1.1" 304 -
::1 - - [05/Mar/2026 21:33:33] "GET / HTTP/1.1" 200 -
::1 - - [05/Mar/2026 21:33:33] "GET /style.css?v=3 HTTP/1.1" 200 -
::1 - - [05/Mar/2026 21:33:33] "GET /wizard.css?v=3 HTTP/1.1" 200 -
::1 - - [05/Mar/2026 21:33:33] "GET /wizard.js HTTP/1.1" 304 -
::1 - - [05/Mar/2026 21:34:20] "GET / HTTP/1.1" 304 -
::1 - - [05/Mar/2026 21:34:20] "GET /style.css?v=3 HTTP/1.1" 304 -
::1 - - [05/Mar/2026 21:34:29] code 404, message File not found
::1 - - [05/Mar/2026 21:34:29] "GET /.well-known/appspecific/com.chrome.devtools.json HTTP/1.1" 404 -
::1 - - [05/Mar/2026 21:37:32] "GET / HTTP/1.1" 200 -
::1 - - [05/Mar/2026 21:37:32] "GET /style.css?v=3 HTTP/1.1" 304 -
::1 - - [05/Mar/2026 21:37:32] "GET /wizard.js?v=3 HTTP/1.1" 200 -
::1 - - [05/Mar/2026 21:37:32] "GET /wizard.css?v=3 HTTP/1.1" 304 -
::1 - - [05/Mar/2026 21:37:32] "GET /business-wizard.js?v=3 HTTP/1.1" 200 -
::1 - - [05/Mar/2026 21:37:32] "GET /script.js?v=3 HTTP/1.1" 200 -
::1 - - [05/Mar/2026 21:37:35] "GET / HTTP/1.1" 304 -
::1 - - [05/Mar/2026 21:38:15] "GET / HTTP/1.1" 304 -
